C51 COMPILER V9.60.0.0   MAIN                                                              12/07/2024 02:36:36 PAGE 1   


C51 COMPILER V9.60.0.0, COMPILATION OF MODULE MAIN
OBJECT MODULE PLACED IN .\Objects\main.obj
COMPILER INVOKED BY: D:\Shigoto\Tools\C51\BIN\C51.EXE main.c OPTIMIZE(8,SPEED) BROWSE DEBUG OBJECTEXTEND PRINT(.\Listing
                    -s\main.lst) TABS(2) OBJECT(.\Objects\main.obj)

line level    source

   1          #include <REGX52.H>
   2          
   3          sbit led = P2^1;
   4          unsigned int dcount = 0;
   5          void ISR_Timer0() interrupt 1
   6          {
   7   1        //auto clear Timer0 Flag (TF0)
   8   1        TH0 = 0xFC;
   9   1        TL0 = 0x18;
  10   1        dcount++;
  11   1      }
  12          
  13          void timer0_1ms_init(void)
  14          {
  15   1        TMOD = 0x01; // MOD1: 16-bit
  16   1        TH0 = 0xFC;
  17   1        TL0 = 0x18;
  18   1        IE = 0x82; //Enable global and timer0 interrupt
  19   1        TR0 = 1;
  20   1      }
  21          
  22          void delayMS(unsigned int t)
  23          {
  24   1        dcount = 0;
  25   1        while (dcount < t);
  26   1      }
  27          
  28          void main(void)
  29          {
  30   1        timer0_1ms_init();
  31   1        while(1)
  32   1        {
  33   2          led = !led;
  34   2          delayMS(500);
  35   2        }
  36   1      }


MODULE INFORMATION:   STATIC OVERLAYABLE
   CODE SIZE        =     63    ----
   CONSTANT SIZE    =   ----    ----
   XDATA SIZE       =   ----    ----
   PDATA SIZE       =   ----    ----
   DATA SIZE        =      2    ----
   IDATA SIZE       =   ----    ----
   BIT SIZE         =   ----    ----
END OF MODULE INFORMATION.


C51 COMPILATION COMPLETE.  0 WARNING(S),  0 ERROR(S)
