C51 COMPILER V9.60.0.0   MAIN                                                              11/30/2024 11:19:57 PAGE 1   


C51 COMPILER V9.60.0.0, COMPILATION OF MODULE MAIN
OBJECT MODULE PLACED IN .\Objects\main.obj
COMPILER INVOKED BY: D:\Shigoto\Tools\C51\BIN\C51.EXE main.c OPTIMIZE(8,SPEED) BROWSE DEBUG OBJECTEXTEND PRINT(.\Listing
                    -s\main.lst) TABS(2) OBJECT(.\Objects\main.obj)

line level    source

   1          #include <REGX52.H>
   2          
   3          sbit LED = P2^1;
   4          unsigned char flag = 0;
   5          unsigned char revData;
   6          
   7          void serial_init(void)
   8          {
   9   1        TMOD = 0x20;
  10   1        TH1 = 0xFD;
  11   1        SCON = 0x50;
  12   1        TR1 = 1;
  13   1        
  14   1        EA = 1;
  15   1        ES = 1;
  16   1      
  17   1      }
  18          
  19          void serial_send(unsigned char x)
  20          {
  21   1        SBUF = x;
  22   1        while(TI == 0);
  23   1        TI = 0;
  24   1      } 
  25          
  26          void serial_ISR(void) interrupt 4
  27          {
  28   1        if(RI == 1)
  29   1        {
  30   2          revData = SBUF;
  31   2          RI = 0;
  32   2          
  33   2          flag = 1;
  34   2        }
  35   1      }
  36          
  37          
  38          void main(void)
  39          {
  40   1        LED = 0;
  41   1        serial_init();
  42   1        while(1)
  43   1        {
  44   2          if (flag == 1)
  45   2          {
  46   3            if(revData == '1')
  47   3              LED = 1;
  48   3            else
  49   3              LED = 0;
  50   3            serial_send(13);
  51   3            serial_send('O');
  52   3            serial_send('K');
  53   3            serial_send(13);
  54   3            
C51 COMPILER V9.60.0.0   MAIN                                                              11/30/2024 11:19:57 PAGE 2   

  55   3            flag = 0;
  56   3          }
  57   2        }
  58   1      
  59   1      }


MODULE INFORMATION:   STATIC OVERLAYABLE
   CODE SIZE        =     83    ----
   CONSTANT SIZE    =   ----    ----
   XDATA SIZE       =   ----    ----
   PDATA SIZE       =   ----    ----
   DATA SIZE        =      2    ----
   IDATA SIZE       =   ----    ----
   BIT SIZE         =   ----    ----
END OF MODULE INFORMATION.


C51 COMPILATION COMPLETE.  0 WARNING(S),  0 ERROR(S)
