C51 COMPILER V9.60.0.0   MAIN                                                              11/23/2024 14:47:37 PAGE 1   


C51 COMPILER V9.60.0.0, COMPILATION OF MODULE MAIN
OBJECT MODULE PLACED IN .\Objects\main.obj
COMPILER INVOKED BY: D:\Shigoto\Tools\C51\BIN\C51.EXE main.c OPTIMIZE(8,SPEED) BROWSE DEBUG OBJECTEXTEND PRINT(.\Listing
                    -s\main.lst) TABS(2) OBJECT(.\Objects\main.obj)

line level    source

   1          #include <REGX52.H>
   2          
   3          sbit led = P1^1;
   4          
   5          void timer_50us_init(void)
   6          {
   7   1        TMOD = 0x02;
   8   1        TH0 = 0xCE;
   9   1        TL0 = 0xCE;
  10   1        EA = 1;
  11   1        ET0 = 1;
  12   1        TR0 = 1;
  13   1      } 
  14          void ISR_Timer0() interrupt 1
  15          {
  16   1        led = !led;
  17   1      }
  18          
  19          void main(void)
  20          {
  21   1        led = 0;
  22   1        timer_50us_init();
  23   1        while(1)
  24   1        {}
  25   1      }


MODULE INFORMATION:   STATIC OVERLAYABLE
   CODE SIZE        =     26    ----
   CONSTANT SIZE    =   ----    ----
   XDATA SIZE       =   ----    ----
   PDATA SIZE       =   ----    ----
   DATA SIZE        =   ----    ----
   IDATA SIZE       =   ----    ----
   BIT SIZE         =   ----    ----
END OF MODULE INFORMATION.


C51 COMPILATION COMPLETE.  0 WARNING(S),  0 ERROR(S)
