C51 COMPILER V9.60.7.0   MAIN                                                              10/12/2024 14:39:32 PAGE 1   


C51 COMPILER V9.60.7.0, COMPILATION OF MODULE MAIN
OBJECT MODULE PLACED IN .\Objects\main.obj
COMPILER INVOKED BY: C:\Keil_v5_8051\C51\BIN\C51.EXE main.c OPTIMIZE(8,SPEED) BROWSE INCDIR(..\..\libraries) DEBUG OBJEC
                    -TEXTEND PRINT(.\Listings\main.lst) TABS(2) OBJECT(.\Objects\main.obj)

line level    source

   1          #include <REGX52.H>
   2          #include "delay.h"
   3          #include "LCD2004.h"
   4          #include "adc0808.h"
   5          
   6          unsigned char temp, dv, chuc,tram;
   7          void main(void)
   8          {
   9   1        LCD_Init();   
  10   1        LCD_String_xy(0,0,"Hello World1");
  11   1        LCD_String_xy(1,0,"Nhiet do: ");
  12   1      
  13   1        dv = chuc = 0; 
  14   1        while(1){
  15   2          temp=ADC0808_Read(1);
  16   2          dv = (temp%10) + 48;
  17   2          chuc = ((temp/10)%10) + 48;
  18   2          tram = (temp/100) + 48;
  19   2              
  20   2          LCD_SetPosition(1,10);  
  21   2          LCD_Char(tram);
  22   2          LCD_Char(chuc);
  23   2          LCD_Char(dv);
  24   2      
  25   2          delayMs(1000);
  26   2        }
  27   1      }
  28          
  29          


MODULE INFORMATION:   STATIC OVERLAYABLE
   CODE SIZE        =    109    ----
   CONSTANT SIZE    =     24    ----
   XDATA SIZE       =   ----    ----
   PDATA SIZE       =   ----    ----
   DATA SIZE        =      4    ----
   IDATA SIZE       =   ----    ----
   BIT SIZE         =   ----    ----
END OF MODULE INFORMATION.


C51 COMPILATION COMPLETE.  0 WARNING(S),  0 ERROR(S)
