C51 COMPILER V9.60.0.0   MAIN                                                              11/16/2024 15:51:32 PAGE 1   


C51 COMPILER V9.60.0.0, COMPILATION OF MODULE MAIN
OBJECT MODULE PLACED IN .\Objects\main.obj
COMPILER INVOKED BY: D:\Shigoto\Tools\C51\BIN\C51.EXE main.c OPTIMIZE(8,SPEED) BROWSE DEBUG OBJECTEXTEND PRINT(.\Listing
                    -s\main.lst) TABS(2) OBJECT(.\Objects\main.obj)

line level    source

   1          #include <REGX52.H>
   2          
   3          
   4          sbit led = P2^0;
   5          
   6          sbit btnON = P3^2;
   7          sbit btnOFF = P3^3;
   8          
   9          void btn_setup()
  10          {
  11   1        btnON = 1;
  12   1        btnOFF = 1;
  13   1        IT0 = 1;
  14   1        IT1 = 1;
  15   1        EA  = 1;
  16   1        EX0 = 1;
  17   1        EX1 = 1;
  18   1      }
  19          
  20          void ISR_INT0(void) interrupt 0
  21          {
  22   1        led = 1;
  23   1      }
  24          void ISR_INT1(void) interrupt 2
  25          {
  26   1        led = 0;
  27   1      }
  28          void main(void)
  29          {
  30   1        led = 0;
  31   1        btn_setup();
  32   1        while(1)
  33   1        {
  34   2        
  35   2        }
  36   1      }


MODULE INFORMATION:   STATIC OVERLAYABLE
   CODE SIZE        =     28    ----
   CONSTANT SIZE    =   ----    ----
   XDATA SIZE       =   ----    ----
   PDATA SIZE       =   ----    ----
   DATA SIZE        =   ----    ----
   IDATA SIZE       =   ----    ----
   BIT SIZE         =   ----    ----
END OF MODULE INFORMATION.


C51 COMPILATION COMPLETE.  0 WARNING(S),  0 ERROR(S)
