C51 COMPILER V9.60.0.0   MAIN                                                              11/29/2024 23:56:33 PAGE 1   


C51 COMPILER V9.60.0.0, COMPILATION OF MODULE MAIN
OBJECT MODULE PLACED IN .\Objects\main.obj
COMPILER INVOKED BY: D:\Shigoto\Tools\C51\BIN\C51.EXE main.c OPTIMIZE(8,SPEED) BROWSE DEBUG OBJECTEXTEND PRINT(.\Listing
                    -s\main.lst) TABS(2) OBJECT(.\Objects\main.obj)

line level    source

   1          #include <REGX52.H>
   2          #define LED P2
   3          void setup(void)
   4          {
   5   1        LED = 0x00;
   6   1        
   7   1        EA = 1;
   8   1        ET0 = 1;
   9   1        IT0 = 1;
  10   1        TR0 = 1;
  11   1        
  12   1        TMOD = 0x01;
  13   1        TH0 = 0xFC;
  14   1        TL0 = 0x18;
  15   1      }
  16          
  17          unsigned int dcount = 0;
  18          void ISR_Timer0() interrupt 1
  19          {
  20   1        //auto clear Timer0 Flag (TF0)
  21   1        TH0 = 0xFC;
  22   1        TL0 = 0x18;
  23   1        
  24   1        if (dcount == 1000)
  25   1        {
  26   2          if (LED & 0x80)
  27   2          {
  28   3            LED = 0x00;
  29   3            dcount = 0;
  30   3          }
  31   2          else
  32   2          {
  33   3          LED = 0x01 | (LED << 1);
  34   3          dcount = 0;
  35   3          }
  36   2        } 
  37   1        else 
  38   1        {
  39   2          dcount++;
  40   2        }
  41   1        
  42   1      }
  43          
  44          
  45          
  46          void main (void)
  47          {
  48   1        setup();
  49   1        while(1)
  50   1        {
  51   2        
  52   2        }
  53   1      }

C51 COMPILER V9.60.0.0   MAIN                                                              11/29/2024 23:56:33 PAGE 2   


MODULE INFORMATION:   STATIC OVERLAYABLE
   CODE SIZE        =     85    ----
   CONSTANT SIZE    =   ----    ----
   XDATA SIZE       =   ----    ----
   PDATA SIZE       =   ----    ----
   DATA SIZE        =      2    ----
   IDATA SIZE       =   ----    ----
   BIT SIZE         =   ----    ----
END OF MODULE INFORMATION.


C51 COMPILATION COMPLETE.  0 WARNING(S),  0 ERROR(S)
