C51 COMPILER V9.60.0.0   MAIN                                                              12/07/2024 00:55:44 PAGE 1   


C51 COMPILER V9.60.0.0, COMPILATION OF MODULE MAIN
OBJECT MODULE PLACED IN .\Objects\main.obj
COMPILER INVOKED BY: D:\Shigoto\Tools\C51\BIN\C51.EXE ..\..\keil\main.c OPTIMIZE(8,SPEED) BROWSE DEBUG OBJECTEXTEND PRIN
                    -T(.\Listings\main.lst) TABS(2) OBJECT(.\Objects\main.obj)

line level    source

   1          #include <REGX51.H>
   2          void delayMS(unsigned int t);
   3          unsigned char led7seg[]={0x3F,0x06,0x5B,0x4F,0x66,0x6D,0x7D,0x07,0x7F,0x6F,0x77,0x7C,0x39,0x5E,0x79,0x71};
   4          
   5          #define LED P1
   6          void dem00den99();
   7          
   8          void main (void)
   9          {
  10   1        LED = 0x00;
  11   1        
  12   1        while(1)
  13   1        {
  14   2          dem00den99();
  15   2        }
  16   1      }
  17          void delayMS(unsigned int t)
  18          {
  19   1        int i,j;
  20   1        for(i=0; i<t;i++)
  21   1          for(j=0;j<123;j++){}
  22   1      }
  23          
  24          void dem00den99()
  25          {
  26   1        int i;
  27   1        for(i=0;i<100;i++)
  28   1        {
  29   2          P2 = led7seg[i/10];
  30   2          P3 = led7seg[i%10];
  31   2          delayMS(100);
  32   2        }
  33   1      }


MODULE INFORMATION:   STATIC OVERLAYABLE
   CODE SIZE        =    108    ----
   CONSTANT SIZE    =   ----    ----
   XDATA SIZE       =   ----    ----
   PDATA SIZE       =   ----    ----
   DATA SIZE        =     16       2
   IDATA SIZE       =   ----    ----
   BIT SIZE         =   ----    ----
END OF MODULE INFORMATION.


C51 COMPILATION COMPLETE.  0 WARNING(S),  0 ERROR(S)
