A51 MACRO ASSEMBLER  BAI1ASM                                                              11/09/2024 07:07:42 PAGE     1


MACRO ASSEMBLER A51 V8.2.7.0
OBJECT MODULE PLACED IN .\Objects\Bai1ASM.obj
ASSEMBLER INVOKED BY: D:\Shigoto\Tools\C51\BIN\A51.EXE Bai1ASM.asm SET(SMALL) DEBUG PRINT(.\Listings\Bai1ASM.lst) OBJECT
                      (.\Objects\Bai1ASM.obj) EP

LOC  OBJ            LINE     SOURCE

0000                   1     ORG 00H
0000                   2             LOOP:
0000 E5B0              3             MOV A,P3
0002 540F              4             ANL A, #0Fh
0004 FA                5             MOV R2,A
                       6             
0005 E5B0              7             MOV A,P3
0007 C4                8             SWAP A
0008 540F              9             ANL A, #0Fh
                      10             
000A 2A               11             ADD A,R2
                      12             
000B 75F00A           13             MOV B,#10
000E 84               14             DIV AB
000F C4               15             SWAP A
0010 25F0             16             ADD A,B
0012 F590             17             MOV P1,A
                      18             
0014 80EA             19             JMP LOOP
                      20     
                      21     END
A51 MACRO ASSEMBLER  BAI1ASM                                                              11/09/2024 07:07:42 PAGE     2

SYMBOL TABLE LISTING
------ ----- -------


N A M E             T Y P E  V A L U E   ATTRIBUTES

B. . . . . . . . .  D ADDR   00F0H   A   
LOOP . . . . . . .  C ADDR   0000H   A   
P1 . . . . . . . .  D ADDR   0090H   A   
P3 . . . . . . . .  D ADDR   00B0H   A   


REGISTER BANK(S) USED: 0 


ASSEMBLY COMPLETE.  0 WARNING(S), 0 ERROR(S)
