C51 COMPILER V9.60.0.0   MAIN                                                              11/09/2024 16:23:22 PAGE 1   


C51 COMPILER V9.60.0.0, COMPILATION OF MODULE MAIN
OBJECT MODULE PLACED IN .\Objects\main.obj
COMPILER INVOKED BY: D:\Shigoto\Tools\C51\BIN\C51.EXE main.c OPTIMIZE(8,SPEED) BROWSE DEBUG OBJECTEXTEND PRINT(.\Listing
                    -s\main.lst) TABS(2) OBJECT(.\Objects\main.obj)

line level    source

   1          #include <REGX51.H>
   2          void delayMS(unsigned int t);
   3          unsigned char led7seg[]={0x3F,0x06,0x5B,0x4F,0x66,0x6D,0x7D,0x07,0x7F,0x6F,0x77,0x7C,0x39,0x5E,0x79,0x71};
   4          
   5          #define LED P1
   6          void choptat10lan();
   7          
   8          void dichtraiphai();
   9          
  10          void sangdantraiphai();
  11          
  12          void sangtrongngoai();
  13          
  14          void sangdontraiphai();
  15          
  16          void dem00den99();
  17            
  18          void xuat1den100();
  19          
  20          void xuat13lenled7seg();
  21          
  22          void main (void)
  23          {
  24   1        LED = 0x00;
  25   1        
  26   1        while(1)
  27   1        {
  28   2          xuat1den100();
  29   2          choptat10lan();
  30   2          dichtraiphai();
  31   2          sangdantraiphai();
  32   2          sangtrongngoai();
  33   2          sangdontraiphai();
  34   2          xuat13lenled7seg();
  35   2          dem00den99();
  36   2        }
  37   1      }
  38          void xuat13lenled7seg()
  39          {
  40   1        int i =13;
  41   1        P2 = led7seg[i/10];
  42   1        P3 = led7seg[i%10];
  43   1      }
  44          
  45          void xuat1den100()
  46          {
  47   1        int i;
  48   1        for(i=0;i<=100;i++)
  49   1        {
  50   2          P1 = i;
  51   2          delayMS(500);
  52   2        }
  53   1        delayMS(1000);
  54   1      }
C51 COMPILER V9.60.0.0   MAIN                                                              11/09/2024 16:23:22 PAGE 2   

  55          
  56          void dem00den99()
  57          {
  58   1        int i;
  59   1        for(i=0;i<100;i++)
  60   1        {
  61   2          P2 = led7seg[i/10];
  62   2          P3 = led7seg[i%10];
  63   2          delayMS(100);
  64   2        }
  65   1      }
  66          
  67          void sangdontraiphai()
  68          {
  69   1        int i,j,temp;
  70   1        LED = 0x01;
  71   1        delayMS(500);
  72   1        temp = 0x00;
  73   1        for(i=8;i>0;i--)
  74   1        {
  75   2          for(j=0;j<(i-1);j++)
  76   2          {
  77   3            LED = temp | (LED << 1);
  78   3            delayMS(500);
  79   3          }
  80   2          temp = LED; 
  81   2          LED = temp | 0x01;
  82   2          delayMS(500);
  83   2        }
  84   1        LED ^= LED;
  85   1        delayMS(500);
  86   1        LED = 0x80;
  87   1        delayMS(500);
  88   1        temp = 0x00;
  89   1        for(i=8;i>0;i--)
  90   1        {
  91   2          for(j=0;j<(i-1);j++)
  92   2          {
  93   3            LED = temp | (LED >> 1);
  94   3            delayMS(500);
  95   3          }
  96   2          temp = LED; 
  97   2          LED = temp | 0x80;
  98   2          delayMS(500);
  99   2        }
 100   1      }
 101          
 102          void sangtrongngoai()
 103          {
 104   1        int i;
 105   1        //in to out
 106   1        LED &= 0x18;
 107   1        delayMS(500);
 108   1        for(i=0;i<4;i++)
 109   1        {
 110   2          LED = LED | (LED >> 1);
 111   2          LED = LED | (LED << 1);
 112   2          delayMS(500);
 113   2        }
 114   1        // out to in
 115   1        LED &= 0x81;
 116   1        delayMS(500);
C51 COMPILER V9.60.0.0   MAIN                                                              11/09/2024 16:23:22 PAGE 3   

 117   1        for(i=0;i<4;i++)
 118   1        {
 119   2          LED = LED | (LED >> 1);
 120   2          LED = LED | (LED << 1);
 121   2          delayMS(500);
 122   2        }
 123   1      }
 124          
 125          void sangdantraiphai()
 126          {
 127   1        //left to right
 128   1        int i;
 129   1        for(i=0;i<8;i++)
 130   1        {
 131   2          LED = (LED << 1) | 0x01;
 132   2          delayMS(500);
 133   2        }
 134   1        //right to left
 135   1        LED = LED & 0x80;
 136   1        delayMS(500);
 137   1        for(i=1;i<8;i++)
 138   1        {
 139   2          LED = (LED >> 1) | 0x80;
 140   2          delayMS(500);
 141   2        }
 142   1      }
 143          
 144          void dichtraiphai()
 145          { 
 146   1        int i;
 147   1        LED = 0x01;
 148   1        delayMS(500);
 149   1        for(i=0;i<7;i++)
 150   1        {
 151   2          LED = LED << 1;
 152   2          delayMS(500);
 153   2        }
 154   1        
 155   1        for(i=0;i<8;i++)
 156   1        {
 157   2          LED = LED >> 1;
 158   2          delayMS(500);
 159   2        }
 160   1      }
 161          
 162          
 163          void choptat10lan()
 164          {
 165   1        int i;
 166   1        for(i=0;i<10;i++)
 167   1        {
 168   2          LED = 0xFF;
 169   2          delayMS(500);
 170   2          LED = ~LED;
 171   2          delayMS(500);
 172   2        }
 173   1      }
 174          void delayMS(unsigned int t)
 175          {
 176   1        int i,j;
 177   1        for(i=0; i<t;i++)
 178   1          for(j=0;j<123;j++){}
C51 COMPILER V9.60.0.0   MAIN                                                              11/09/2024 16:23:22 PAGE 4   

 179   1      }


MODULE INFORMATION:   STATIC OVERLAYABLE
   CODE SIZE        =    684    ----
   CONSTANT SIZE    =   ----    ----
   XDATA SIZE       =   ----    ----
   PDATA SIZE       =   ----    ----
   DATA SIZE        =     16      18
   IDATA SIZE       =   ----    ----
   BIT SIZE         =   ----    ----
END OF MODULE INFORMATION.


C51 COMPILATION COMPLETE.  0 WARNING(S),  0 ERROR(S)
