C51 COMPILER V9.60.0.0   MAINC                                                             11/02/2024 13:40:18 PAGE 1   


C51 COMPILER V9.60.0.0, COMPILATION OF MODULE MAINC
OBJECT MODULE PLACED IN .\Objects\mainc.obj
COMPILER INVOKED BY: D:\Shigoto\Tools\C51\BIN\C51.EXE mainc.c OPTIMIZE(8,SPEED) BROWSE DEBUG OBJECTEXTEND PRINT(.\Listin
                    -gs\mainc.lst) TABS(2) OBJECT(.\Objects\mainc.obj)

line level    source

   1          #include <REGX51.H>
   2          void delayMS(unsigned int t);
   3          
   4          void main (void)
   5          {
   6   1        P1 = 0xF0;
   7   1        while(1)
   8   1        {
   9   2        
  10   2        }
  11   1      }
  12          /*
  13          void delayMS(unsigned int t)
  14          {
  15            int i,j;
  16            for(i=0; i<t;i++)
  17              for(j=0;j<123;j++){}
  18          }
  19          */


MODULE INFORMATION:   STATIC OVERLAYABLE
   CODE SIZE        =      5    ----
   CONSTANT SIZE    =   ----    ----
   XDATA SIZE       =   ----    ----
   PDATA SIZE       =   ----    ----
   DATA SIZE        =   ----    ----
   IDATA SIZE       =   ----    ----
   BIT SIZE         =   ----    ----
END OF MODULE INFORMATION.


C51 COMPILATION COMPLETE.  0 WARNING(S),  0 ERROR(S)
