C51 COMPILER V9.60.0.0   MAIN                                                              11/23/2024 01:18:54 PAGE 1   


C51 COMPILER V9.60.0.0, COMPILATION OF MODULE MAIN
OBJECT MODULE PLACED IN .\Objects\main.obj
COMPILER INVOKED BY: D:\Shigoto\Tools\C51\BIN\C51.EXE main.c OPTIMIZE(8,SPEED) BROWSE DEBUG OBJECTEXTEND PRINT(.\Listing
                    -s\main.lst) TABS(2) OBJECT(.\Objects\main.obj)

line level    source

   1          #include <REGX51.H>
   2          
   3          #define LED P1
   4          sbit startBTN = P3^1;
   5          sbit stopBTN = P3^2;
   6          sbit pauseBTN = P3^3;
   7          void delayMS(unsigned int t);
   8          
   9          void setup()
  10          {
  11   1        LED = 0x00;
  12   1        startBTN = 1;
  13   1        stopBTN = 1;
  14   1        pauseBTN = 1;
  15   1        
  16   1        IT0 = 1;
  17   1        IT1 = 0;
  18   1        EA = 1;
  19   1        EX0 = 1;
  20   1        EX1 = 1;
  21   1      }
  22          
  23          void ISR_STOP(void) interrupt 0
  24          {
  25   1        LED = 0x00;
  26   1      }
  27          void ISR_PAUSE(void) interrupt 2
  28          {
  29   1        
  30   1      }
  31          
  32          
  33          void main(void)
  34          {
  35   1        setup();
  36   1        while(1)
  37   1        {
  38   2          if(startBTN == 0)
  39   2          {
  40   3            while(startBTN == 0)
  41   3            {
  42   4              LED = 0x01;
  43   4              delayMS(500);
  44   4            }
  45   3            while(startBTN == 1)
  46   3            { 
  47   4              if(LED == 0x80)
  48   4              {
  49   5                LED = 0x01;
  50   5                delayMS(500);
  51   5              }
  52   4              LED = LED << 1;
  53   4              delayMS(500);
  54   4      
C51 COMPILER V9.60.0.0   MAIN                                                              11/23/2024 01:18:54 PAGE 2   

  55   4            }
  56   3            
  57   3          }
  58   2        }
  59   1      }
  60          
  61          
  62          void delayMS(unsigned int t)
  63          {
  64   1        int i;
  65   1        for(i=0;i<t;i++)
  66   1        {
  67   2          int j;
  68   2          for(j=0;j<123;j++) {}
  69   2        }
  70   1      }


MODULE INFORMATION:   STATIC OVERLAYABLE
   CODE SIZE        =    107    ----
   CONSTANT SIZE    =   ----    ----
   XDATA SIZE       =   ----    ----
   PDATA SIZE       =   ----    ----
   DATA SIZE        =   ----       2
   IDATA SIZE       =   ----    ----
   BIT SIZE         =   ----    ----
END OF MODULE INFORMATION.


C51 COMPILATION COMPLETE.  0 WARNING(S),  0 ERROR(S)
