C51 COMPILER V9.60.0.0   MAIN                                                              11/16/2024 16:49:58 PAGE 1   


C51 COMPILER V9.60.0.0, COMPILATION OF MODULE MAIN
OBJECT MODULE PLACED IN .\Objects\main.obj
COMPILER INVOKED BY: D:\Shigoto\Tools\C51\BIN\C51.EXE main.c OPTIMIZE(8,SPEED) BROWSE DEBUG OBJECTEXTEND PRINT(.\Listing
                    -s\main.lst) TABS(2) OBJECT(.\Objects\main.obj)

line level    source

   1          #include <REGX52.H>
   2          void delayMS(unsigned int t);
   3          sbit led1 = P2^1;
   4          sbit led2 = P2^0;
   5          
   6          sbit btnON = P3^2;
   7          sbit btnOFF = P3^3;
   8          
   9          void btn_setup()
  10          {
  11   1        btnON = 1;
  12   1        btnOFF = 1;
  13   1        IT1 = 1;
  14   1        IT0 = 1;
  15   1        EA = 1;
  16   1        EX1 = 1;
  17   1        EX0 = 1;
  18   1      
  19   1      }
  20          
  21          void ISR_INT0() interrupt 0
  22          {
  23   1        led1 = 1;
  24   1      }
  25          
  26          void ISR_INT1() interrupt 2
  27          {
  28   1        led1 = 0;
  29   1      }
  30          
  31          
  32          void main(void)
  33          {
  34   1        btn_setup();
  35   1        led1 = 0;
  36   1        led2 = 0;
  37   1        
  38   1        while(1){
  39   2        led2 = ~led2;
  40   2        delayMS(1000);
  41   2        
  42   2        
  43   2        }
  44   1      }
  45          
  46          
  47          
  48          
  49          void delayMS(unsigned int t)
  50          {
  51   1        int i,j;
  52   1        for(i=0; i<t;i++)
  53   1          for(j=0;j<123;j++){}
  54   1      }
C51 COMPILER V9.60.0.0   MAIN                                                              11/16/2024 16:49:58 PAGE 2   



MODULE INFORMATION:   STATIC OVERLAYABLE
   CODE SIZE        =     71    ----
   CONSTANT SIZE    =   ----    ----
   XDATA SIZE       =   ----    ----
   PDATA SIZE       =   ----    ----
   DATA SIZE        =   ----    ----
   IDATA SIZE       =   ----    ----
   BIT SIZE         =   ----    ----
END OF MODULE INFORMATION.


C51 COMPILATION COMPLETE.  0 WARNING(S),  0 ERROR(S)
