C51 COMPILER V9.60.7.0   MAIN                                                              10/17/2024 13:39:57 PAGE 1   


C51 COMPILER V9.60.7.0, COMPILATION OF MODULE MAIN
OBJECT MODULE PLACED IN .\Objects\main.obj
COMPILER INVOKED BY: C:\Keil_v5_8051\C51\BIN\C51.EXE main.c OPTIMIZE(8,SPEED) BROWSE INCDIR(..\..\libraries) DEBUG OBJEC
                    -TEXTEND PRINT(.\Listings\main.lst) TABS(2) OBJECT(.\Objects\main.obj)

line level    source

   1          #include <REGX52.H>   //built-in
   2          #include "delay.h"
   3          #include "LCD2004.h"
   4          
   5          void main(void)
   6          {
   7   1        char c = 'A';
   8   1      
   9   1        LCD_Init();   /* Initialization of LCD*/
  10   1        LCD_String_xy(0,0,"Huynh Hoang Ha"); //row: 0 , column: 0
  11   1        LCD_String_xy(1,0,"07119014");     //row: 1 , column: 0
  12   1        LCD_String_xy(2,0,"KTMT");       //row: 2 , column: 0
  13   1        
  14   1        //Choose starting Position: row:3, column:0
  15   1        LCD_SetPosition(3,0);
  16   1        LCD_String("Char: ");
  17   1        while(1){
  18   2          LCD_Char(c);
  19   2          c++;
  20   2          delayMs(1000);
  21   2        }
  22   1      }
  23          
  24          


MODULE INFORMATION:   STATIC OVERLAYABLE
   CODE SIZE        =     76    ----
   CONSTANT SIZE    =     36    ----
   XDATA SIZE       =   ----    ----
   PDATA SIZE       =   ----    ----
   DATA SIZE        =   ----       1
   IDATA SIZE       =   ----    ----
   BIT SIZE         =   ----    ----
END OF MODULE INFORMATION.


C51 COMPILATION COMPLETE.  0 WARNING(S),  0 ERROR(S)
